2020-01-13 19:11:29,111 - Log4JLogChute initialized using file 'velocity.log'
2020-01-13 19:11:29,111 - Initializing Velocity, Calling init()...
2020-01-13 19:11:29,111 - Starting Apache Velocity v1.7 (compiled: 2010-11-19 12:14:37)
2020-01-13 19:11:29,111 - Default Properties File: org\apache\velocity\runtime\defaults\velocity.properties
2020-01-13 19:11:29,111 - Trying to use logger class org.apache.velocity.runtime.log.AvalonLogChute
2020-01-13 19:11:29,111 - Target log system for org.apache.velocity.runtime.log.AvalonLogChute is not available (java.lang.NoClassDefFoundError: org/apache/log/format/Formatter).  Falling back to next log system...
2020-01-13 19:11:29,111 - Trying to use logger class org.apache.velocity.runtime.log.Log4JLogChute
2020-01-13 19:11:29,112 - Using logger class org.apache.velocity.runtime.log.Log4JLogChute
2020-01-13 19:11:29,115 - ResourceLoader instantiated: org.apache.velocity.runtime.resource.loader.ClasspathResourceLoader
2020-01-13 19:11:29,122 - ResourceCache: initialized (class org.apache.velocity.runtime.resource.ResourceCacheImpl) with class java.util.Collections$SynchronizedMap cache map.
2020-01-13 19:11:29,123 - Loaded System Directive: org.apache.velocity.runtime.directive.Stop
2020-01-13 19:11:29,123 - Loaded System Directive: org.apache.velocity.runtime.directive.Define
2020-01-13 19:11:29,124 - Loaded System Directive: org.apache.velocity.runtime.directive.Break
2020-01-13 19:11:29,124 - Loaded System Directive: org.apache.velocity.runtime.directive.Evaluate
2020-01-13 19:11:29,124 - Loaded System Directive: org.apache.velocity.runtime.directive.Literal
2020-01-13 19:11:29,125 - Loaded System Directive: org.apache.velocity.runtime.directive.Macro
2020-01-13 19:11:29,126 - Loaded System Directive: org.apache.velocity.runtime.directive.Parse
2020-01-13 19:11:29,127 - Loaded System Directive: org.apache.velocity.runtime.directive.Include
2020-01-13 19:11:29,127 - Loaded System Directive: org.apache.velocity.runtime.directive.Foreach
2020-01-13 19:11:29,143 - Created '20' parsers.
2020-01-13 19:11:29,146 - Velocimacro : "velocimacro.library" is not set.  Trying default library: VM_global_library.vm
2020-01-13 19:11:29,147 - Could not load resource 'VM_global_library.vm' from ResourceLoader org.apache.velocity.runtime.resource.loader.ClasspathResourceLoader: ClasspathResourceLoader Error: cannot find resource VM_global_library.vm
2020-01-13 19:11:29,147 - Velocimacro : Default library not found.
2020-01-13 19:11:29,147 - Velocimacro : allowInline = true : VMs can be defined inline in templates
2020-01-13 19:11:29,147 - Velocimacro : allowInlineToOverride = false : VMs defined inline may NOT replace previous VM definitions
2020-01-13 19:11:29,147 - Velocimacro : allowInlineLocal = false : VMs defined inline will be global in scope if allowed.
2020-01-13 19:11:29,147 - Velocimacro : autoload off : VM system will not automatically reload global library macros
2020-01-13 19:11:29,176 - ResourceManager : found templates/common/generator/domain.java.vm with loader org.apache.velocity.runtime.resource.loader.ClasspathResourceLoader
2020-01-13 19:11:29,189 - ResourceManager : found templates/common/generator/Dao.java.vm with loader org.apache.velocity.runtime.resource.loader.ClasspathResourceLoader
2020-01-13 19:11:29,208 - ResourceManager : found templates/common/generator/Mapper.xml.vm with loader org.apache.velocity.runtime.resource.loader.ClasspathResourceLoader
2020-01-13 19:11:29,213 - Null reference [template 'templates/common/generator/Mapper.xml.vm', line 19, column 26] : ${sort} cannot be resolved.
2020-01-13 19:11:29,213 - Null reference [template 'templates/common/generator/Mapper.xml.vm', line 19, column 34] : ${order} cannot be resolved.
2020-01-13 19:11:29,216 - ResourceManager : found templates/common/generator/Service.java.vm with loader org.apache.velocity.runtime.resource.loader.ClasspathResourceLoader
2020-01-13 19:11:29,217 - ResourceManager : found templates/common/generator/ServiceImpl.java.vm with loader org.apache.velocity.runtime.resource.loader.ClasspathResourceLoader
2020-01-13 19:11:29,232 - ResourceManager : found templates/common/generator/Controller.java.vm with loader org.apache.velocity.runtime.resource.loader.ClasspathResourceLoader
2020-01-13 19:11:29,235 - ResourceManager : found templates/common/generator/list.html.vm with loader org.apache.velocity.runtime.resource.loader.ClasspathResourceLoader
2020-01-13 19:11:29,239 - ResourceManager : found templates/common/generator/add.html.vm with loader org.apache.velocity.runtime.resource.loader.ClasspathResourceLoader
2020-01-13 19:11:29,242 - ResourceManager : found templates/common/generator/edit.html.vm with loader org.apache.velocity.runtime.resource.loader.ClasspathResourceLoader
2020-01-13 19:11:29,244 - ResourceManager : found templates/common/generator/list.js.vm with loader org.apache.velocity.runtime.resource.loader.ClasspathResourceLoader
2020-01-13 19:11:29,246 - ResourceManager : found templates/common/generator/add.js.vm with loader org.apache.velocity.runtime.resource.loader.ClasspathResourceLoader
2020-01-13 19:11:29,247 - ResourceManager : found templates/common/generator/edit.js.vm with loader org.apache.velocity.runtime.resource.loader.ClasspathResourceLoader
